<?xml version="1.0" encoding="UTF-8"?>
<testsuite xmlns:xsi="http://www.w3.org/2001/XMLSchema-instance" xsi:noNamespaceSchemaLocation="https://maven.apache.org/surefire/maven-surefire-plugin/xsd/surefire-test-report-3.0.xsd" version="3.0" name="com.example.studentmanager.ConsoleStudentPrinterTest" time="0.18" tests="2" errors="0" skipped="0" failures="0">
  <properties>
    <property name="java.specification.version" value="17"/>
    <property name="sun.cpu.isalist" value="amd64"/>
    <property name="sun.jnu.encoding" value="Cp1252"/>
    <property name="java.class.path" value="C:\Users\DYLAN\OneDrive\Escritorio\8VO Semestre\Calidad de Software\student-manager\target\test-classes;C:\Users\DYLAN\OneDrive\Escritorio\8VO Semestre\Calidad de Software\student-manager\target\classes;C:\Users\DYLAN\.m2\repository\junit\junit\4.13.2\junit-4.13.2.jar;C:\Users\DYLAN\.m2\repository\org\hamcrest\hamcrest-core\1.3\hamcrest-core-1.3.jar;"/>
    <property name="java.vm.vendor" value="Eclipse Adoptium"/>
    <property name="sun.arch.data.model" value="64"/>
    <property name="user.variant" value=""/>
    <property name="java.vendor.url" value="https://adoptium.net/"/>
    <property name="user.timezone" value="America/Guayaquil"/>
    <property name="os.name" value="Windows 11"/>
    <property name="java.vm.specification.version" value="17"/>
    <property name="sun.java.launcher" value="SUN_STANDARD"/>
    <property name="user.country" value="ES"/>
    <property name="sun.boot.library.path" value="C:\Program Files\Eclipse Adoptium\jdk-17.0.15.6-hotspot\bin"/>
    <property name="sun.java.command" value="C:\Users\DYLAN\AppData\Local\Temp\surefire1993537290062184166\surefirebooter-20250703002149321_3.jar C:\Users\DYLAN\AppData\Local\Temp\surefire1993537290062184166 2025-07-03T00-21-49_019-jvmRun1 surefire-20250703002149321_1tmp surefire_0-20250703002149321_2tmp"/>
    <property name="jdk.debug" value="release"/>
    <property name="surefire.test.class.path" value="C:\Users\DYLAN\OneDrive\Escritorio\8VO Semestre\Calidad de Software\student-manager\target\test-classes;C:\Users\DYLAN\OneDrive\Escritorio\8VO Semestre\Calidad de Software\student-manager\target\classes;C:\Users\DYLAN\.m2\repository\junit\junit\4.13.2\junit-4.13.2.jar;C:\Users\DYLAN\.m2\repository\org\hamcrest\hamcrest-core\1.3\hamcrest-core-1.3.jar;"/>
    <property name="sun.cpu.endian" value="little"/>
    <property name="user.home" value="C:\Users\DYLAN"/>
    <property name="user.language" value="es"/>
    <property name="java.specification.vendor" value="Oracle Corporation"/>
    <property name="java.version.date" value="2025-04-15"/>
    <property name="java.home" value="C:\Program Files\Eclipse Adoptium\jdk-17.0.15.6-hotspot"/>
    <property name="file.separator" value="\"/>
    <property name="basedir" value="C:\Users\DYLAN\OneDrive\Escritorio\8VO Semestre\Calidad de Software\student-manager"/>
    <property name="java.vm.compressedOopsMode" value="32-bit"/>
    <property name="line.separator" value="&#10;"/>
    <property name="java.vm.specification.vendor" value="Oracle Corporation"/>
    <property name="java.specification.name" value="Java Platform API Specification"/>
    <property name="surefire.real.class.path" value="C:\Users\DYLAN\AppData\Local\Temp\surefire1993537290062184166\surefirebooter-20250703002149321_3.jar"/>
    <property name="user.script" value=""/>
    <property name="sun.management.compiler" value="HotSpot 64-Bit Tiered Compilers"/>
    <property name="java.runtime.version" value="17.0.15+6"/>
    <property name="user.name" value="DYLAN"/>
    <property name="path.separator" value=";"/>
    <property name="os.version" value="10.0"/>
    <property name="java.runtime.name" value="OpenJDK Runtime Environment"/>
    <property name="file.encoding" value="Cp1252"/>
    <property name="java.vm.name" value="OpenJDK 64-Bit Server VM"/>
    <property name="java.vendor.version" value="Temurin-17.0.15+6"/>
    <property name="localRepository" value="C:\Users\DYLAN\.m2\repository"/>
    <property name="java.vendor.url.bug" value="https://github.com/adoptium/adoptium-support/issues"/>
    <property name="java.io.tmpdir" value="C:\Users\DYLAN\AppData\Local\Temp\"/>
    <property name="java.version" value="17.0.15"/>
    <property name="user.dir" value="C:\Users\DYLAN\OneDrive\Escritorio\8VO Semestre\Calidad de Software\student-manager"/>
    <property name="os.arch" value="amd64"/>
    <property name="java.vm.specification.name" value="Java Virtual Machine Specification"/>
    <property name="sun.os.patch.level" value=""/>
    <property name="native.encoding" value="Cp1252"/>
    <property name="java.library.path" value="C:\Program Files\Eclipse Adoptium\jdk-17.0.15.6-hotspot\bin;C:\WINDOWS\Sun\Java\bin;C:\WINDOWS\system32;C:\WINDOWS;C:\Program Files\Eclipse Adoptium\jdk-17.0.15.6-hotspot\bin;C:\Program Files (x86)\Common Files\Oracle\Java\java8path;C:\Program Files (x86)\Common Files\Oracle\Java\javapath;C:\WINDOWS\system32;C:\WINDOWS;C:\WINDOWS\System32\Wbem;C:\WINDOWS\System32\WindowsPowerShell\v1.0\;C:\WINDOWS\System32\OpenSSH\;C:\Program Files\nodejs\;C:\Program Files\Git\cmd;C:\Program Files (x86)\Microsoft SQL Server\160\DTS\Binn\;C:\Program Files (x86)\Microsoft SQL Server\160\Tools\Binn\;C:\Program Files\Microsoft SQL Server\160\Tools\Binn\;C:\Program Files\Microsoft SQL Server\Client SDK\ODBC\170\Tools\Binn\;C:\Program Files\Microsoft SQL Server\160\DTS\Binn\;C:\Program Files\Microsoft SQL Server\150\Tools\Binn\;C:\Program Files\dotnet\;C:\apache-maven-3.9.10\bin;C:\Users\DYLAN\AppData\Local\Microsoft\WindowsApps;C:\Users\DYLAN\AppData\Roaming\npm;C:\Users\DYLAN\AppData\Local\Programs\Microsoft VS Code\bin;C:\Program Files\JetBrains\IntelliJ IDEA 2024.2.3\bin;C:\Users\DYLAN\.deno\bin;C:\Users\DYLAN\AppData\Local\Programs\mongosh\;C:\Users\DYLAN\.dotnet\tools;C:\Users\DYLAN\AppData\Local\Microsoft\WindowsApps;C:\Program Files\MySQL\MySQL Server 8.0\bin;C:\Users\DYLAN\Downloads\sonarqube-25.4.0.105899\sonarqube-25.4.0.105899\bin;C:\Users\DYLAN\Downloads\sonar-scanner-cli-7.1.0.4889-windows-x64\sonar-scanner-7.1.0.4889-windows-x64\bin;C:\apache-maven-3.9.10;;c:\Users\DYLAN\AppData\Roaming\Code\User\globalStorage\github.copilot-chat\debugCommand;."/>
    <property name="java.vm.info" value="mixed mode, sharing"/>
    <property name="java.vendor" value="Eclipse Adoptium"/>
    <property name="java.vm.version" value="17.0.15+6"/>
    <property name="java.specification.maintenance.version" value="1"/>
    <property name="sun.io.unicode.encoding" value="UnicodeLittle"/>
    <property name="java.class.version" value="61.0"/>
  </properties>
  <testcase name="testPrintEmptyList" classname="com.example.studentmanager.ConsoleStudentPrinterTest" time="0.018">
    <system-out><![CDATA[No hay estudiantes registrados.
]]></system-out>
  </testcase>
  <testcase name="testPrintStudent" classname="com.example.studentmanager.ConsoleStudentPrinterTest" time="0.007">
    <system-out><![CDATA[Estudiante: Valido, CalificaciÃ³n: 95.0
]]></system-out>
  </testcase>
</testsuite>